app/build/intermediates/manifest_merge_blame_file/debug/manifest-merger-blame-debug-report.txt
1<?xml version="1.0" encoding="utf-8"?>
2<manifest xmlns:android="http://schemas.android.com/apk/res/android"
3    package="com.augmentedrobotics.ble"
4    android:versionCode="11"
5    android:versionName="1.0.11" >
6
7    <uses-sdk
8        android:minSdkVersion="26"
8-->src\main\AndroidManifest.xml
9        android:targetSdkVersion="31" />
9-->src\main\AndroidManifest.xml
10
11    <uses-feature
11-->src\main\AndroidManifest.xml:4:5-86
12        android:name="android.hardware.bluetooth"
12-->src\main\AndroidManifest.xml:4:19-60
13        android:required="true" />
13-->src\main\AndroidManifest.xml:4:61-84
14
15    <uses-permission
15-->src\main\AndroidManifest.xml:5:5-94
16        android:name="android.permission.BLUETOOTH"
16-->src\main\AndroidManifest.xml:5:22-65
17        android:maxSdkVersion="30" />
17-->src\main\AndroidManifest.xml:5:66-92
18    <uses-permission
18-->src\main\AndroidManifest.xml:6:5-101
19        android:name="android.permission.BLUETOOTH_ADMIN"
19-->src\main\AndroidManifest.xml:6:22-71
20        android:maxSdkVersion="30" />
20-->src\main\AndroidManifest.xml:6:72-98
21    <uses-permission android:name="android.permission.ACCESS_FINE_LOCATION" />
21-->src\main\AndroidManifest.xml:7:5-79
21-->src\main\AndroidManifest.xml:7:22-76
22    <uses-permission android:name="android.permission.ACCESS_COARSE_LOCATION" />
22-->src\main\AndroidManifest.xml:8:5-80
22-->src\main\AndroidManifest.xml:8:22-78
23    <uses-permission android:name="android.permission.BLUETOOTH_CONNECT" />
23-->src\main\AndroidManifest.xml:10:5-75
23-->src\main\AndroidManifest.xml:10:22-73
24    <uses-permission android:name="android.permission.BLUETOOTH_SCAN" />
24-->src\main\AndroidManifest.xml:12:5-13:11
24-->src\main\AndroidManifest.xml:12:22-70
25
26    <application
26-->src\main\AndroidManifest.xml:15:5-33:19
27        android:allowBackup="true"
27-->src\main\AndroidManifest.xml:17:9-35
28        android:appComponentFactory="androidx.core.app.CoreComponentFactory"
28-->[androidx.core:core:1.5.0] AndroidManifest.xml:24:18-86
29        android:debuggable="true"
30        android:extractNativeLibs="false"
31        android:icon="@mipmap/ic_launcher"
31-->src\main\AndroidManifest.xml:18:9-43
32        android:label="@string/app_name"
32-->src\main\AndroidManifest.xml:19:9-41
33        android:roundIcon="@mipmap/ic_launcher_round"
33-->src\main\AndroidManifest.xml:20:9-54
34        android:supportsRtl="true"
34-->src\main\AndroidManifest.xml:21:9-35
35        android:testOnly="true"
36        android:theme="@style/Theme.BLE" >
36-->src\main\AndroidManifest.xml:22:9-41
37        <activity
37-->src\main\AndroidManifest.xml:23:9-30:20
38            android:name="com.augmentedrobotics.ble.MainActivity"
38-->src\main\AndroidManifest.xml:23:19-72
39            android:exported="true"
39-->src\main\AndroidManifest.xml:24:13-36
40            android:screenOrientation="portrait" >
40-->src\main\AndroidManifest.xml:25:13-49
41            <intent-filter>
41-->src\main\AndroidManifest.xml:26:13-29:29
42                <action android:name="android.intent.action.MAIN" />
42-->src\main\AndroidManifest.xml:27:17-69
42-->src\main\AndroidManifest.xml:27:25-66
43
44                <category android:name="android.intent.category.LAUNCHER" />
44-->src\main\AndroidManifest.xml:28:17-77
44-->src\main\AndroidManifest.xml:28:27-74
45            </intent-filter>
46        </activity>
47        <activity
47-->src\main\AndroidManifest.xml:31:9-32:52
48            android:name="com.augmentedrobotics.ble.ControlActivity"
48-->src\main\AndroidManifest.xml:31:19-75
49            android:screenOrientation="landscape" />
49-->src\main\AndroidManifest.xml:32:13-50
50    </application>
51
52</manifest>